<?xml version="1.0" encoding="UTF-8"?>
<!-- Generated by org.testng.reporters.JUnitReportReporter -->
<testsuite skipped="0" hostname="DESKTOP-0AA0O4F" name="com.first.build.GetRun" tests="1" failures="0" timestamp="31 Jan 2019 18:07:07 GMT" time="8.169" errors="0">
  <testcase name="getMyCode" time="8.169" classname="com.first.build.GetRun"/>
</testsuite> <!-- com.first.build.GetRun -->
